<?xml version="1.0" encoding="UTF-8"?>
<testng-results skipped="0" failed="0" ignored="0" total="5" passed="5">
  <reporter-output>
  </reporter-output>
  <suite name="Default suite" duration-ms="3528" started-at="2021-04-25T16:41:39 IST" finished-at="2021-04-25T16:41:43 IST">
    <groups>
    </groups>
    <test name="Default test" duration-ms="3528" started-at="2021-04-25T16:41:39 IST" finished-at="2021-04-25T16:41:43 IST">
      <class name="com.user.payment.testcases.TC_paymentAPI">
        <test-method status="PASS" signature="test_getAllPayments()[pri:1, instance:com.user.payment.testcases.TC_paymentAPI@74650e52]" name="test_getAllPayments" duration-ms="1814" started-at="2021-04-25T16:41:39 IST" finished-at="2021-04-25T16:41:41 IST">
          <reporter-output>
          </reporter-output>
        </test-method> <!-- test_getAllPayments -->
        <test-method status="PASS" signature="test_getSpecificPayment()[pri:2, instance:com.user.payment.testcases.TC_paymentAPI@74650e52]" name="test_getSpecificPayment" duration-ms="868" started-at="2021-04-25T16:41:41 IST" finished-at="2021-04-25T16:41:42 IST">
          <reporter-output>
          </reporter-output>
        </test-method> <!-- test_getSpecificPayment -->
        <test-method status="PASS" signature="test_insertPayment()[pri:3, instance:com.user.payment.testcases.TC_paymentAPI@74650e52]" name="test_insertPayment" duration-ms="634" started-at="2021-04-25T16:41:42 IST" finished-at="2021-04-25T16:41:42 IST">
          <reporter-output>
          </reporter-output>
        </test-method> <!-- test_insertPayment -->
        <test-method status="PASS" signature="test_updatePayment()[pri:4, instance:com.user.payment.testcases.TC_paymentAPI@74650e52]" name="test_updatePayment" duration-ms="83" started-at="2021-04-25T16:41:42 IST" finished-at="2021-04-25T16:41:43 IST">
          <reporter-output>
          </reporter-output>
        </test-method> <!-- test_updatePayment -->
        <test-method status="PASS" signature="test_deletePayment()[pri:5, instance:com.user.payment.testcases.TC_paymentAPI@74650e52]" name="test_deletePayment" duration-ms="65" started-at="2021-04-25T16:41:43 IST" finished-at="2021-04-25T16:41:43 IST">
          <reporter-output>
          </reporter-output>
        </test-method> <!-- test_deletePayment -->
      </class> <!-- com.user.payment.testcases.TC_paymentAPI -->
    </test> <!-- Default test -->
  </suite> <!-- Default suite -->
</testng-results>
